9sixsevenz3: 9,6,7,3
9 + 3 = 93
seven1cvdvnhpgthfhfljmnq: 7,1
7 + 1 = 71
6tvxlgrsevenjvbxbfqrsk4seven: 6,7,4,7
6 + 7 = 67
9zml: 9
9 + 9 = 99
52sevenone: 5,2,7,1
5 + 1 = 51
41onevfsgvssxnpsix38four: 4,1,1,6,3,8,4
4 + 4 = 44
15ninedzhkpfstrscggbqhktwo: 1,5,9,2
1 + 2 = 12
rxbfsvhpnjvsixmxfhhmvdvg26rgrfj43: 6,2,6,4,3
6 + 3 = 63
gcbq2sghsv4fiveeightrlhchsfs2hsrjknfz: 2,4,5,8,2
2 + 2 = 22
tworgqpdjzrzf7one: 2,7,1
2 + 1 = 21
fivefive18: 5,5,1,8
5 + 8 = 58
sixfztrcxmbzktwofour3fiveeight: 6,2,4,3,5,8
6 + 8 = 68
2g4stjrjjmbngvljfvg24: 2,4,2,4
2 + 4 = 24
5jkcdxkltwo71: 5,2,7,1
5 + 1 = 51
vhpttjh2: 2
2 + 2 = 22
3threegmsppjrngfive7: 3,3,5,7
3 + 7 = 37
ktkgsvkthreevone2xxrxzgdqpnone2xnf: 3,1,2,1,2
3 + 2 = 32
llxzczt3seventwotwosix5: 3,7,2,2,6,5
3 + 5 = 35
eighteighthvllljmgg82eightseven2: 8,8,8,2,8,7,2
8 + 2 = 82
9hcjzphpktwo76xfpdvnhklzthreejrzkdknhrktwo: 9,2,7,6,3,2
9 + 2 = 92
fourtwojrvzzctzs5eight2vlm: 4,2,5,8,2
4 + 2 = 42
zoneightthree2hvhfsprqxmlsix7onevn4: 1,3,2,6,7,1,4
1 + 4 = 14
56sixssevenfour5twonine: 5,6,6,7,4,5,2,9
5 + 9 = 59
58fourfour: 5,8,4,4
5 + 4 = 54
683: 6,8,3
6 + 3 = 63
8fourninenhfpz9eightptsnnb: 8,4,9,9,8
8 + 8 = 88
gddmrzlpn9: 9
9 + 9 = 99
g3qsbqmbhqqp1eightkjggcxpmzgg: 3,1,8
3 + 8 = 38
6bzjqs7nxpvgtwoseven: 6,7,2,7
6 + 7 = 67
271lonepxp2flbmbz: 2,7,1,1,2
2 + 2 = 22
5sgshnrfn9qxt8xsnhtdtx6: 5,9,8,6
5 + 6 = 56
cnhflx4sevensixonethree: 4,7,6,1,3
4 + 3 = 43
595six93: 5,9,5,6,9,3
5 + 3 = 53
6eight8jbtmxdqpj96mqkrdxt9tpbpppl: 6,8,8,9,6,9
6 + 9 = 69
68qvmgth371lqcrglmvqxtwonfk: 6,8,3,7,1,2
6 + 2 = 62
mbqbhpmhspsbbxgflg98zn: 9,8
9 + 8 = 98
8oneqzvdcrh: 8,1
8 + 1 = 81
kb6: 6
6 + 6 = 66
mhgvpmfgjfourfourtwo4: 4,4,2,4
4 + 4 = 44
81mvcgqxlktbpkkrsgbdgeightbqn65: 8,1,8,6,5
8 + 5 = 85
hlbhthree1seven9: 3,1,7,9
3 + 9 = 39
vqczmtvqsnd3sh63: 3,6,3
3 + 3 = 33
qrzngvmk8: 8
8 + 8 = 88
chpldqtkhqbvdvmnqd5: 5
5 + 5 = 55
6three6two: 6,3,6,2
6 + 2 = 62
sevensix4tjvkcfgpone98: 7,6,4,1,9,8
7 + 8 = 78
96zgpcq9four: 9,6,9,4
9 + 4 = 94
cbvksjgvvklhnksixfive7kmmxg: 6,5,7
6 + 7 = 67
threeljfr1vzskggfvjsccc: 3,1
3 + 1 = 31
8pfourthreetwosix: 8,4,3,2,6
8 + 6 = 86
l2sbdcvngvmtzrtq: 2
2 + 2 = 22
hjdxfj94: 9,4
9 + 4 = 94
2hbhfbjfteightnr5sixfpfjkn: 2,8,5,6
2 + 6 = 26
2sevenjqlpprggjlkddqv9oneightpj: 2,7,9,1
2 + 1 = 21
fivebfmkdrrrdkclkscqmtwo6five7: 5,2,6,5,7
5 + 7 = 57
fourrp8fnbp9d1fl7: 4,8,9,1,7
4 + 7 = 47
six8pffqfpjl2nine: 6,8,2,9
6 + 9 = 69
91sdjlghq5: 9,1,5
9 + 5 = 95
fivemrmcnjmfcnck2: 5,2
5 + 2 = 52
v1: 1
1 + 1 = 11
78htfvqsztlsixeight: 7,8,6,8
7 + 8 = 78
5zpjtbgpkvkxbgpsp3cgklflkhdteightwortv: 5,3,8
5 + 8 = 58
mcxqfgxt49sevenone9: 4,9,7,1,9
4 + 9 = 49
rt2dsvpf: 2
2 + 2 = 22
9dzxmfour76six: 9,4,7,6,6
9 + 6 = 96
tsbmbdrgmzsjeightonezqhqb5qn: 8,1,5
8 + 5 = 85
seven8zllmz: 7,8
7 + 8 = 78
373onefourthree: 3,7,3,1,4,3
3 + 3 = 33
1fourfivezthdcxfr: 1,4,5
1 + 5 = 15
996seven2four: 9,9,6,7,2,4
9 + 4 = 94
8smnghninezczdlzxxgf: 8,9
8 + 9 = 89
7cbqfzrmhxdmrdr94tz: 7,9,4
7 + 4 = 74
6vstr65tfivelmhjshhj: 6,6,5,5
6 + 5 = 65
248fourlckvrtnzz4sxdqpgkvh: 2,4,8,4,4
2 + 4 = 24
zfivejfgfgdhfrhr6: 5,6
5 + 6 = 56
one2tworsmtnzfjhvvqjnp: 1,2,2
1 + 2 = 12
5threefourjsnfzninethreejrknzfn: 5,3,4,9,3
5 + 3 = 53
seven9nine: 7,9,9
7 + 9 = 79
gthree15fivemzpnqgttcq1: 3,1,5,5,1
3 + 1 = 31
fivevvvkgtvs3four4: 5,3,4,4
5 + 4 = 54
five121three: 5,1,2,1,3
5 + 3 = 53
7fourn: 7,4
7 + 4 = 74
sixdnineqvfqglmn98516: 6,9,9,8,5,1,6
6 + 6 = 66
ninesixrppx4: 9,6,4
9 + 4 = 94
threesevenxbskhlqbone276: 3,7,1,2,7,6
3 + 6 = 36
fivesixfour82: 5,6,4,8,2
5 + 2 = 52
tmdnvgrkjxfour9: 4,9
4 + 9 = 49
61nine: 6,1,9
6 + 9 = 69
vtxpkcgb48jzx8rgeight7: 4,8,8,8,7
4 + 7 = 47
twoonetwo3: 2,1,2,3
2 + 3 = 23
four167bnbdtxq4xvdgckkpb2: 4,1,6,7,4,2
4 + 2 = 42
xgbxvx7ninehmvqlldtxls88qhztfldr4: 7,9,8,8,4
7 + 4 = 74
5qxsfdchthree41: 5,3,4,1
5 + 1 = 51
fournb5gfqzfrlnc5fivethree1: 4,5,5,5,3,1
4 + 1 = 41
t6fourh3: 6,4,3
6 + 3 = 63
ninefgzksevenseven5sbcpnczgflqptjhk: 9,7,7,5
9 + 5 = 95
6three4: 6,3,4
6 + 4 = 64
5tnplthreeeightvsk2fivesix9: 5,3,8,2,5,6,9
5 + 9 = 59
three8hcvnmvbhbtwo: 3,8,2
3 + 2 = 32
6jnfourdbcgzgfzczbc: 6,4
6 + 4 = 64
z53: 5,3
5 + 3 = 53
fourxzhgjfrrbmkcheightfive7seven8oneightb: 4,8,5,7,7,8,1
4 + 1 = 41
2fivehkhnbtm: 2,5
2 + 5 = 25
rptgktsnzvsslcvfsevensixfive72: 7,6,5,7,2
7 + 2 = 72
95chcvtxv4: 9,5,4
9 + 4 = 94
ninenldnphcpn93fivetwo7: 9,9,3,5,2,7
9 + 7 = 97
threeeight675vmhvgtxxc2bp: 3,8,6,7,5,2
3 + 2 = 32
hfdmpv6: 6
6 + 6 = 66
xpffsljjcm27: 2,7
2 + 7 = 27
8sevensix8: 8,7,6,8
8 + 8 = 88
7hmszcvzpf9eightqqxgjdnhpfour68: 7,9,8,4,6,8
7 + 8 = 78
2czrnzdpxsjsdldcxq2vzgfrthsssix: 2,2,6
2 + 6 = 26
four5bdxdnvtgcbdzzsxjdlbckninetwo5: 4,5,9,2,5
4 + 5 = 45
35fourfive6: 3,5,4,5,6
3 + 6 = 36
z5eight3r84hvptgskcclbsgh: 5,8,3,8,4
5 + 4 = 54
2eightljldmconeeightgvhm: 2,8,1,8
2 + 8 = 28
4sixsixsixfourthree: 4,6,6,6,4,3
4 + 3 = 43
tnnthreelfmhone1onepfivevdg: 3,1,1,1,5
3 + 5 = 35
8nine9lmpptxstrrbqbjrjtm4seven: 8,9,9,4,7
8 + 7 = 87
2ltqd9mnrbhcsprz: 2,9
2 + 9 = 29
two5ptcjzbqnk2spvlcxqvglndgvrlm5fiveeight: 2,5,2,5,5,8
2 + 8 = 28
52sqstnqpdeight55: 5,2,8,5,5
5 + 5 = 55
2nvskvthreeqhkqvjzqrk1: 2,3,1
2 + 1 = 21
gbkqz127four: 1,2,7,4
1 + 4 = 14
8zmngr5381rb: 8,5,3,8,1
8 + 1 = 81
klrlqvkhslvbxdtwofour4cmlpbdm6: 2,4,4,6
2 + 6 = 26
eightninenjnmc8zrnrltgfmfour: 8,9,8,4
8 + 4 = 84
38sv7: 3,8,7
3 + 7 = 37
eightvtkkmhhninebmgdvconenine7sixjkdzxcr: 8,9,1,9,7,6
8 + 6 = 86
h14bdgvknbnjq4fv: 1,4,4
1 + 4 = 14
74svtwo: 7,4,2
7 + 2 = 72
7three5sixone4: 7,3,5,6,1,4
7 + 4 = 74
zseightwo6five: 8,6,5
8 + 5 = 85
shkznseven5ninefivefour8: 7,5,9,5,4,8
7 + 8 = 78
mcmztmrgctqszzpqs8tworfvkseven: 8,2,7
8 + 7 = 87
onejjmdfour15nine4: 1,4,1,5,9,4
1 + 4 = 14
7bxqxxxvlthree4tb9five: 7,3,4,9,5
7 + 5 = 75
twoqzpx6hj: 2,6
2 + 6 = 26
68hbdjdd45two: 6,8,4,5,2
6 + 2 = 62
68: 6,8
6 + 8 = 68
4hxlfbgvtdmbhnpfzxpnltfivemtmczjcbffour4: 4,5,4,4
4 + 4 = 44
fourseven4hfffmtqoneglgnnsrqsmbnxr: 4,7,4,1
4 + 1 = 41
dhbbmcxtv7five9ffjjcmshv31seven: 7,5,9,3,1,7
7 + 7 = 77
foursbgvhgbggnine6three4zznzcvmxxqktpdhff: 4,9,6,3,4
4 + 4 = 44
681cvdh: 6,8,1
6 + 1 = 61
3ninefivefive: 3,9,5,5
3 + 5 = 35
jg4dnnxzdtwoqdbvfsix: 4,2,6
4 + 6 = 46
g4dbeight6rkc: 4,8,6
4 + 6 = 46
236bjcppxmlnine: 2,3,6,9
2 + 9 = 29
5crthreefive8: 5,3,5,8
5 + 8 = 58
6twoknqfbmeight5c: 6,2,8,5
6 + 5 = 65
64eightrkvvtjtsonefour9eightwoqxq: 6,4,8,1,4,9,8
6 + 8 = 68
sm7sixfivexbrkvhtl9: 7,6,5,9
7 + 9 = 79
threeninetwotwo1one: 3,9,2,2,1,1
3 + 1 = 31
tjjeightwoj3gsdmdseventwo1: 8,3,7,2,1
8 + 1 = 81
63sevenk4blssxzkcq29ztjlnx: 6,3,7,4,2,9
6 + 9 = 69
ckpleightxgngnhkj2threem: 8,2,3
8 + 3 = 83
8knckxzrfbbpxldzninennnmkxkzzstsflv9two: 8,9,9,2
8 + 2 = 82
rmldrlcvccgdbvdnxvqr3ninefznpqrrtd1cfpjrvjzs: 3,9,1
3 + 1 = 31
5twojdflbxnlslnsjtklqkrbklvkthreejgxkfzeight: 5,2,3,8
5 + 8 = 58
sevenxfpzvss6: 7,6
7 + 6 = 76
one61: 1,6,1
1 + 1 = 11
2seven7eight: 2,7,7,8
2 + 8 = 28
fivefive5fourtwo9vjmxmtpv: 5,5,5,4,2,9
5 + 9 = 59
4pxfour: 4,4
4 + 4 = 44
twofive1eight9ldjbfbzhhffdb: 2,5,1,8,9
2 + 9 = 29
onefive7four93pjchnkrzvz: 1,5,7,4,9,3
1 + 3 = 13
4194hgfslhdczj1ztjtnccpjseven8: 4,1,9,4,1,7,8
4 + 8 = 48
sixtkjmtcthreezjfcgbdhvqlmbpzmc7: 6,3,7
6 + 7 = 67
nineeightvnd55sftvbf4sevenrkgbjskxbj: 9,8,5,5,4,7
9 + 7 = 97
kqoneighttpqcnsphsfour7eight9sixthree: 1,4,7,8,9,6,3
1 + 3 = 13
5foursvfsztnfivekkkftdfbptmrgcone: 5,4,5,1
5 + 1 = 51
sevensix8one5zjlfcrqzvp: 7,6,8,1,5
7 + 5 = 75
1hmvpbhzcbgbgvdkblnhgklltxx: 1
1 + 1 = 11
55xszsjgbd2fk: 5,5,2
5 + 2 = 52
hdrhmddj6ninebcfhbd: 6,9
6 + 9 = 69
f91six: 9,1,6
9 + 6 = 96
3tltgktntqpkeighthbqhlxcqnffgbfvxrkmr2: 3,8,2
3 + 2 = 32
3jthree: 3,3
3 + 3 = 33
2eightplclghthree: 2,8,3
2 + 3 = 23
771: 7,7,1
7 + 1 = 71
5gccqqmzmx81twob: 5,8,1,2
5 + 2 = 52
6pgnqbsqglk44mvslnxghckcbtffxvkq2: 6,4,4,2
6 + 2 = 62
twooneone5: 2,1,1,5
2 + 5 = 25
twohbxsxj2six826hlkdjnnz: 2,2,6,8,2,6
2 + 6 = 26
17tbdmntksvn89fivethreeseven: 1,7,8,9,5,3,7
1 + 7 = 17
sixplznhmbgzmlh3six1: 6,3,6,1
6 + 1 = 61
h2kvpbnkcxrssevenfive: 2,7,5
2 + 5 = 25
jhpmnksix7fgnbhgv8fztxfrpfvmnrvhzr: 6,7,8
6 + 8 = 68
vskpbnine3vjqdlmv9: 9,3,9
9 + 9 = 99
vmg86ht36sbnzphxfive: 8,6,3,6,5
8 + 5 = 85
klqxeightnine6: 8,9,6
8 + 6 = 86
4nfninelzshl26: 4,9,2,6
4 + 6 = 46
zqsb243hfdtvgx: 2,4,3
2 + 3 = 23
two9tzcrmrsix81xsgvldl: 2,9,6,8,1
2 + 1 = 21
ggqeightwo5bdpqtjkgzdclxsqptwo1eight1: 8,5,2,1,8,1
8 + 1 = 81
pvfzftdxqzfourmmbzlbzcfsevenfivesix5: 4,7,5,6,5
4 + 5 = 45
fivelt5fivegshvshpvkpqlddmfj6: 5,5,5,6
5 + 6 = 56
cjpzgsvgsz7kzcpr1sixfour: 7,1,6,4
7 + 4 = 74
8two4onesevenseven7v: 8,2,4,1,7,7,7
8 + 7 = 87
ztwonefouronezdvggfive8eightzflpvlnxfspgrtwo: 2,4,1,5,8,8,2
2 + 2 = 22
one7tphmqvfltwo: 1,7,2
1 + 2 = 12
49seven2three: 4,9,7,2,3
4 + 3 = 43
9rntqtxseveneightgflqzkrxhglrnvrvz1: 9,7,8,1
9 + 1 = 91
four6nine7: 4,6,9,7
4 + 7 = 47
5nine3: 5,9,3
5 + 3 = 53
4ddpkhft12hrhjvbtdxthree1tpknk: 4,1,2,3,1
4 + 1 = 41
7k: 7
7 + 7 = 77
fmlrpkxqktzdldrs84onefptgdjspldljvnine8: 8,4,1,9,8
8 + 8 = 88
oneseven4nineqbqlbxf2kqnpr: 1,7,4,9,2
1 + 2 = 12
ffivetwo97mp: 5,2,9,7
5 + 7 = 57
47h92ffcd6: 4,7,9,2,6
4 + 6 = 46
two7tcjvxdvctfivepcqxjnzfourfcndmdmnjseven: 2,7,5,4,7
2 + 7 = 27
cjdjxmnmpqr6cqvcscdpg: 6
6 + 6 = 66
onefour95: 1,4,9,5
1 + 5 = 15
seven9onenine: 7,9,1,9
7 + 9 = 79
trpvv6six64kfmxqrdvbsevenhqzk9: 6,6,6,4,7,9
6 + 9 = 69
tsgpcfxsgsgmhd7rvfz: 7
7 + 7 = 77
66788: 6,6,7,8,8
6 + 8 = 68
five26b: 5,2,6
5 + 6 = 56
chcbxone1: 1,1
1 + 1 = 11
6mrlfkqjssdxbtzkshvc8hjltjjxthkl: 6,8
6 + 8 = 68
four5sdsevenvztqmzkm21threenine: 4,5,7,2,1,3,9
4 + 9 = 49
snxrlctcztlbntnxkpmbs2: 2
2 + 2 = 22
652nnhvz6vcgx: 6,5,2,6
6 + 6 = 66
2zrxljdgsnnfour5fourp4: 2,4,5,4,4
2 + 4 = 24
85lzkjln55239: 8,5,5,5,2,3,9
8 + 9 = 89
51fourrnbkb4: 5,1,4,4
5 + 4 = 54
xbvsjmgsjdvhjpxdjhl1: 1
1 + 1 = 11
6sevencfhtbm4svgpzeight8three4: 6,7,4,8,8,3,4
6 + 4 = 64
827cclvxpdgqlhrjvrgxbxthree: 8,2,7,3
8 + 3 = 83
8pgqr: 8
8 + 8 = 88
three2ninesjztqjdhdv: 3,2,9
3 + 9 = 39
538one59one: 5,3,8,1,5,9,1
5 + 1 = 51
6lcmxone4ninehzzb13: 6,1,4,9,1,3
6 + 3 = 63
phckzkgtxdcnine8onefour744: 9,8,1,4,7,4,4
9 + 4 = 94
five61: 5,6,1
5 + 1 = 51
skbknb9qknrlszdt: 9
9 + 9 = 99
fivenine6jnxfsseven7: 5,9,6,7,7
5 + 7 = 57
lfj2onethree4198: 2,1,3,4,1,9,8
2 + 8 = 28
bb9: 9
9 + 9 = 99
kfljcb5zssbrlzml: 5
5 + 5 = 55
twohmspvflmxnine2eight8: 2,9,2,8,8
2 + 8 = 28
4onegfnxxqpqnfour7: 4,1,4,7
4 + 7 = 47
qvg7seven4: 7,7,4
7 + 4 = 74
85bheightghccknine1three: 8,5,8,9,1,3
8 + 3 = 83
fivedpthreeseven1fiveseven2: 5,3,7,1,5,7,2
5 + 2 = 52
6nine3gzlbtvtvlnine6eightmdn: 6,9,3,9,6,8
6 + 8 = 68
seven3seven58gzmdjmchdrzxgkgbbfrf4: 7,3,7,5,8,4
7 + 4 = 74
2lxbnnsixgdcv6hrqjnfhdmz: 2,6,6
2 + 6 = 26
8threefiveflbfmthreegtvckvpxkd856: 8,3,5,3,8,5,6
8 + 6 = 86
jbnkkbvfivexqzm238zxvztfl: 5,2,3,8
5 + 8 = 58
68kglf7: 6,8,7
6 + 7 = 67
9fivetzjsixkvfrngxbfbbjpd69: 9,5,6,6,9
9 + 9 = 99
ninejgz82fivenltntmfs6xpxc: 9,8,2,5,6
9 + 6 = 96
fourlseight3qrrrrddzlone: 4,8,3,1
4 + 1 = 41
seventwoqfkj2qxzddcgtb348: 7,2,2,3,4,8
7 + 8 = 78
xgjddt5: 5
5 + 5 = 55
q8bfhspkgmsevenninevdqmlzxznhmdlg: 8,7,9
8 + 9 = 89
qc2sqqlkfrkj652xpgzjskr3four: 2,6,5,2,3,4
2 + 4 = 24
two3tpl1cvmldrrghr: 2,3,1
2 + 1 = 21
qhoneoneseven9zfivevrkkjhtdf: 1,1,7,9,5
1 + 5 = 15
ddjczzpcvkksjzdcmxkhmbds2: 2
2 + 2 = 22
qnvgskzdb3nine77sdvfhfqsnv2kjffgsvz: 3,9,7,7,2
3 + 2 = 32
six8three3vbpnkb: 6,8,3,3
6 + 3 = 63
rgjmvgtgfour36qqbqznkjv78cbpdqb: 4,3,6,7,8
4 + 8 = 48
fournshtzbqfourthreefive8hsbpflngrvzdhone: 4,4,3,5,8,1
4 + 1 = 41
toneightone9four: 1,1,9,4
1 + 4 = 14
fourkkxtzpfivetwovnvxmtkeight4t9: 4,5,2,8,4,9
4 + 9 = 49
tbxlvkc5vgcmdckzv: 5
5 + 5 = 55
7threethree: 7,3,3
7 + 3 = 73
9ntqnzpldshfqlc2six: 9,2,6
9 + 6 = 96
8zs7five: 8,7,5
8 + 5 = 85
3threethreentqthree: 3,3,3,3
3 + 3 = 33
jmxjl4four5: 4,4,5
4 + 5 = 45
jnmrhzpdvbvvg9qcxjjmv2msrszndl: 9,2
9 + 2 = 92
onezjrkeight4two2seven: 1,8,4,2,2,7
1 + 7 = 17
32jlkhszgnkklbrsgpplphh: 3,2
3 + 2 = 32
1gsdqlbgt5eight1: 1,5,8,1
1 + 1 = 11
219: 2,1,9
2 + 9 = 29
93gcgx2twothree9xggt: 9,3,2,2,3,9
9 + 9 = 99
5fivenine1fiveplgmlffsvzbtqpb: 5,5,9,1,5
5 + 5 = 55
qv7lthszlgxeightnine: 7,8,9
7 + 9 = 79
7sevenmhmkcrkkq: 7,7
7 + 7 = 77
mxmmgqp4rptkbhfourvjh: 4,4
4 + 4 = 44
3mrmhgjmdv6pvfkbmconelmlckqkxjfiveznxg: 3,6,1,5
3 + 5 = 35
7one1kbjnmtpskgsix99: 7,1,1,6,9,9
7 + 9 = 79
bsvjlfgrcvvhmnfjzktdeight9914: 8,9,9,1,4
8 + 4 = 84
csfrjtwofivebcrcmggfpfsevenlmhncfb1two: 2,5,7,1,2
2 + 2 = 22
3five1vphfournine1kvfvzrtm: 3,5,1,4,9,1
3 + 1 = 31
nineeight3vxrdvttwo: 9,8,3,2
9 + 2 = 92
snncrseventwo5sevencjgl: 7,2,5,7
7 + 7 = 77
ngmgxnlsjjhvqpcxjshninesix63: 9,6,6,3
9 + 3 = 93
4threeone2twotzsseven4prqdrnjln: 4,3,1,2,2,7,4
4 + 4 = 44
fivegfmn391: 5,3,9,1
5 + 1 = 51
three5xflqlnrjgfpzt5: 3,5,5
3 + 5 = 35
28two: 2,8,2
2 + 2 = 22
six729twoeight7: 6,7,2,9,2,8,7
6 + 7 = 67
eight11: 8,1,1
8 + 1 = 81
sevenseven1fqcsevenonekrgxmone: 7,7,1,7,1,1
7 + 1 = 71
8rvlj62: 8,6,2
8 + 2 = 82
one3ninethree: 1,3,9,3
1 + 3 = 13
89s6two2twofive: 8,9,6,2,2,2,5
8 + 5 = 85
pnhhshxqb312: 3,1,2
3 + 2 = 32
vlnj5eight9: 5,8,9
5 + 9 = 59
5seven5eights3eight1: 5,7,5,8,3,8,1
5 + 1 = 51
6kqvkbjrfveighttwo6: 6,8,2,6
6 + 6 = 66
5twofour: 5,2,4
5 + 4 = 54
ztnkthreefive1fivetwovqjpx3three: 3,5,1,5,2,3,3
3 + 3 = 33
qs2: 2
2 + 2 = 22
2vft3: 2,3
2 + 3 = 23
zjr1zjpxndcsc: 1
1 + 1 = 11
76threesix: 7,6,3,6
7 + 6 = 76
1four88n7: 1,4,8,8,7
1 + 7 = 17
9mrrkjzlxdc: 9
9 + 9 = 99
1ll89: 1,8,9
1 + 9 = 19
fgvcseven81: 7,8,1
7 + 1 = 71
4789vtvtcseven: 4,7,8,9,7
4 + 7 = 47
2lcfbmqcqt: 2
2 + 2 = 22
5sixonefive: 5,6,1,5
5 + 5 = 55
cdoneight1onetwo96lpllgksff4hrzjkxng: 1,1,1,2,9,6,4
1 + 4 = 14
gntghdtwo1: 2,1
2 + 1 = 21
eightninefpdttgflvr2: 8,9,2
8 + 2 = 82
8zcnfm4krxhfive67seven6: 8,4,5,6,7,7,6
8 + 6 = 86
2hxpgvxgsmc: 2
2 + 2 = 22
trlvltteighteightrzkxntpdtpl24: 8,8,2,4
8 + 4 = 84
hkttzcmnck7s1seven: 7,1,7
7 + 7 = 77
sevensnmhgdxpbksngnflnthreemlqgdvphzk5tvmzjvdzbcseven: 7,3,5,7
7 + 7 = 77
eightpsbcshqcbppkgfxcnrgtwoeightfour6four: 8,2,8,4,6,4
8 + 4 = 84
53xktsrztnxninehpjjjktqnsixfivefive7: 5,3,9,6,5,5,7
5 + 7 = 57
sevenonebkdseven1seven: 7,1,7,1,7
7 + 7 = 77
11sixzdqbbppninehhkpxdbmlv2chddf: 1,1,6,9,2
1 + 2 = 12
3one3fivesevenlljjmxvzbcnqtszvzspsevenb: 3,1,3,5,7,7
3 + 7 = 37
1txlrnsb1vq28kpvv: 1,1,2,8
1 + 8 = 18
1two855: 1,2,8,5,5
1 + 5 = 15
2lxzhcjl1qfslvldkpdcxf: 2,1
2 + 1 = 21
9seven3fcqtzfive: 9,7,3,5
9 + 5 = 95
eight4phtznrb69xqbmxmdvxnsstnine: 8,4,6,9,9
8 + 9 = 89
eightfive2sixnhxcffkq95: 8,5,2,6,9,5
8 + 5 = 85
five28cppfive1two6: 5,2,8,5,1,2,6
5 + 6 = 56
p8: 8
8 + 8 = 88
kn8: 8
8 + 8 = 88
6hvzkkr4nine2seventwo4: 6,4,9,2,7,2,4
6 + 4 = 64
39134: 3,9,1,3,4
3 + 4 = 34
dztwone3kqlbbbknfive: 2,3,5
2 + 5 = 25
xvvdhddonekcgqqqzgxhlg2seven: 1,2,7
1 + 7 = 17
237rhppmlcmhsevenvnjxhzfnzbzrsdl: 2,3,7,7
2 + 7 = 27
1kgq1qsphhpcdeightjnfsdggnlnckgfbj2: 1,1,8,2
1 + 2 = 12
bnvpzxtnt16two: 1,6,2
1 + 2 = 12
mkhvcrfqdtwo3qfmhs: 2,3
2 + 3 = 23
1hkjncflcz5four7bbgpgcmnv94seven: 1,5,4,7,9,4,7
1 + 7 = 17
7seventmmhfgngfxt4: 7,7,4
7 + 4 = 74
98238: 9,8,2,3,8
9 + 8 = 98
3zmnhxqjqhjtptwoqtptmxfdp3seven: 3,2,3,7
3 + 7 = 37
bkqxlrtf4: 4
4 + 4 = 44
onefive8tvb6fiveone6: 1,5,8,6,5,1,6
1 + 6 = 16
1four3seventhree5mvsbsdjz: 1,4,3,7,3,5
1 + 5 = 15
jtjsjflv5gxvhdgvrbgbdcjjtchkvmf: 5
5 + 5 = 55
sixthreefcrbqzqs7psczkdc: 6,3,7
6 + 7 = 67
dc572twonejgl: 5,7,2,2
5 + 2 = 52
2xkrpz9dfslbjvmbdkgsixhkgcvdgktq: 2,9,6
2 + 6 = 26
five114: 5,1,1,4
5 + 4 = 54
8two85: 8,2,8,5
8 + 5 = 85
9fbh79mqbfsxcnn1two6: 9,7,9,1,2,6
9 + 6 = 96
6one9fivetwo: 6,1,9,5,2
6 + 2 = 62
gsjljnkhhvqlmmvcthreemfcbnjsbkvzzsnkb7: 3,7
3 + 7 = 37
nine49twojdqjsfbzsixrhbjhn4: 9,4,9,2,6,4
9 + 4 = 94
3threesix1: 3,3,6,1
3 + 1 = 31
52six1twoseven: 5,2,6,1,2,7
5 + 7 = 57
eight9dbb6hhjnt: 8,9,6
8 + 6 = 86
gsnqmninefivefbqcrlneight1: 9,5,8,1
9 + 1 = 91
jxczccqqpxbcq8: 8
8 + 8 = 88
1ckvkgqtvqrpvdrfivejjhhfkxvvhfm: 1,5
1 + 5 = 15
sixdxgvgglfh4qzczn8jpgqmgbzkmcdjfnhmh9: 6,4,8,9
6 + 9 = 69
eight7nine9: 8,7,9,9
8 + 9 = 89
tzqv6fivefourhfz: 6,5,4
6 + 4 = 64
sixnine2vkmdnkgtgnbbkcxvvsc2bf22: 6,9,2,2,2,2
6 + 2 = 62
78two41: 7,8,2,4,1
7 + 1 = 71
srpeightwovrhmbnkpnsix1: 8,6,1
8 + 1 = 81
fourninemfcvlstbmflzqf9lgvlvrlff2srxpzvrp2: 4,9,9,2,2
4 + 2 = 42
kcgtwone9eight: 2,9,8
2 + 8 = 28
7three1onesix1m3: 7,3,1,1,6,1,3
7 + 3 = 73
rgk2fiveeightthreegckdbd9dml: 2,5,8,3,9
2 + 9 = 29
sevencx9onenineeight6: 7,9,1,9,8,6
7 + 6 = 76
9ninetwocb4thttbkqj: 9,9,2,4
9 + 4 = 94
five26vrc2krtfivejpgdmtjg: 5,2,6,2,5
5 + 5 = 55
2ninethree7cnxbkpvthreefiveqclhc: 2,9,3,7,3,5
2 + 5 = 25
98seven28: 9,8,7,2,8
9 + 8 = 98
onetwosevensix9three8: 1,2,7,6,9,3,8
1 + 8 = 18
sevensix2: 7,6,2
7 + 2 = 72
ninesixlrdgpbrzs7onedrtlqpfour1: 9,6,7,1,4,1
9 + 1 = 91
pmvxzronexxxvbdrjr7: 1,7
1 + 7 = 17
15eight: 1,5,8
1 + 8 = 18
crksmfive64: 5,6,4
5 + 4 = 54
onetwo6fivemqkddjfxndjfpzmeight5xzk: 1,2,6,5,8,5
1 + 5 = 15
gq3ninetwo9: 3,9,2,9
3 + 9 = 39
8mgkvbpmbzpd7: 8,7
8 + 7 = 87
xfbvzlbpvb79: 7,9
7 + 9 = 79
kkbrvppqcg5: 5
5 + 5 = 55
94dkngltfzs98: 9,4,9,8
9 + 8 = 98
rchmjsrh7onejcknbl: 7,1
7 + 1 = 71
9threesixxrbzjt: 9,3,6
9 + 6 = 96
3963seven48sixeight: 3,9,6,3,7,4,8,6,8
3 + 8 = 38
98992: 9,8,9,9,2
9 + 2 = 92
7zqd: 7
7 + 7 = 77
sevenseven814htznfour1: 7,7,8,1,4,4,1
7 + 1 = 71
ninefivedfrtwoone5: 9,5,2,1,5
9 + 5 = 95
qzgrrng8six: 8,6
8 + 6 = 86
3742zsgbqgfvzlgsgfmxql86eight: 3,7,4,2,8,6,8
3 + 8 = 38
seven7zdfrhonemfhcfmclxj25three: 7,7,1,2,5,3
7 + 3 = 73
8pnhpnsqxh: 8
8 + 8 = 88
62seven: 6,2,7
6 + 7 = 67
eightpfgmmdg945ksctbstnh6cdxvgqbl: 8,9,4,5,6
8 + 6 = 86
932zsnvmcone1ktfqfmbnsfive: 9,3,2,1,1,5
9 + 5 = 95
dglzhqjthreemzpm78: 3,7,8
3 + 8 = 38
one7sk13ghnmvsrprg: 1,7,1,3
1 + 3 = 13
jdvzccvczspscxj5rzzdqdd44txvprhqx: 5,4,4
5 + 4 = 54
sevengmtcflgvpzonecvmbtgknine7kngpspbg: 7,1,9,7
7 + 7 = 77
xmqk6jmhmdtvh2kbchmsgpjrv2four: 6,2,2,4
6 + 4 = 64
tntsjnine3jksrrvone: 9,3,1
9 + 1 = 91
xfzgbzfive3ninekmnjrlqkzq96foursix: 5,3,9,9,6,4,6
5 + 6 = 56
3xbcth723: 3,7,2,3
3 + 3 = 33
zbvtsrxh94s: 9,4
9 + 4 = 94
threesix8mjchcpvmdgfive17xb: 3,6,8,5,1,7
3 + 7 = 37
8eightnbbzhfhf4fiveeightmnzqldztsnfour: 8,8,4,5,8,4
8 + 4 = 84
tkglxsb6one62rhzggrtgqxqnvjzfmb: 6,1,6,2
6 + 2 = 62
gtj2onempqp34qfjnlxtztvjvsv: 2,1,3,4
2 + 4 = 24
2eightzxdgc3: 2,8,3
2 + 3 = 23
32dgskjkh2: 3,2,2
3 + 2 = 32
sevendnvrcm5166: 7,5,1,6,6
7 + 6 = 76
5knxkkjh5: 5,5
5 + 5 = 55
fssjcvvckqjrcghcmlrkcvxl22: 2,2
2 + 2 = 22
2jbhdlfjtbfivetkjbjmtrgxrdmxsix: 2,5,6
2 + 6 = 26
fivedm8pzjfngzfsk35: 5,8,3,5
5 + 5 = 55
two31ldnvx: 2,3,1
2 + 1 = 21
5mfive9ggkq: 5,5,9
5 + 9 = 59
vqdhfsfkrpp44trqpnkqsdxvvdxc: 4,4
4 + 4 = 44
lkdqckshmn1rgrvtjqj: 1
1 + 1 = 11
ttwoneqzmsxzskbbnkfh8onespphhmsix31: 2,8,1,6,3,1
2 + 1 = 21
jknbnfvbf1snjscz5: 1,5
1 + 5 = 15
sevenvjn9: 7,9
7 + 9 = 79
ninetjzhbdjsffthreecfctlsfrz2: 9,3,2
9 + 2 = 92
6ninedqmxfqxssbhrrffpdhjvhqtkxfour9: 6,9,4,9
6 + 9 = 69
6tlrxcvhtllkrhjxqt3two3: 6,3,2,3
6 + 3 = 63
eighteightfive79: 8,8,5,7,9
8 + 9 = 89
5sixfive7bjlkninefour: 5,6,5,7,9,4
5 + 4 = 54
xrgrxsvm5bhcmzggbkrljnssxgpgdlv2four8: 5,2,4,8
5 + 8 = 58
1mxlnrtsjgdlcsncktrsfour: 1,4
1 + 4 = 14
8xtkgjjbtjfnc62vsshkjp: 8,6,2
8 + 2 = 82
91twoninetwo: 9,1,2,9,2
9 + 2 = 92
ninefour5nbnnzhtfiveggrjf7zqzblbml: 9,4,5,5,7
9 + 7 = 97
sixfour42rtbvlpcnv4: 6,4,4,2,4
6 + 4 = 64
oneczchdtwoglj9279: 1,2,9,2,7,9
1 + 9 = 19
jfvv5rdkpzldsxh: 5
5 + 5 = 55
ninexghzhdqk67: 9,6,7
9 + 7 = 97
gnllbntksevenseven7sixeightvgnfd: 7,7,7,6,8
7 + 8 = 78
qzqjxcqrs8fivesevenrnvnq9nqnchpjpmfkgtjqcsvtv: 8,5,7,9
8 + 9 = 89
6sixsixspzppcstlhqlssvt: 6,6,6
6 + 6 = 66
4hhfndc17rjrrzvbjj: 4,1,7
4 + 7 = 47
xm6sevenseven2fivendnn: 6,7,7,2,5
6 + 5 = 65
threesixd6nrxmxgcbjfrtlmpkjnoneshmrn: 3,6,6,1
3 + 1 = 31
ncnpmsixfour4two: 6,4,4,2
6 + 2 = 62
pqvz9fourkkmfvzbjqbfour: 9,4,4
9 + 4 = 94
szspfourhsqkfkfcndcnineone5khdb: 4,9,1,5
4 + 5 = 45
six29sixlkfbphnrzcjl: 6,2,9,6
6 + 6 = 66
cdtwonenine73: 2,9,7,3
2 + 3 = 23
mtlqpjcqcseven29: 7,2,9
7 + 9 = 79
8onekdvdmjbmbjtdngxhjjchdv7bvsbjqszlhvht: 8,1,7
8 + 7 = 87
fivevqnjsvnhvnine1kxcsjmzx: 5,9,1
5 + 1 = 51
6six32twonine: 6,6,3,2,2,9
6 + 9 = 69
nnsix5fcsrdvoneightcn: 6,5,1
6 + 1 = 61
11rzzpnrtnsevenmvnhgrsgngthree: 1,1,7,3
1 + 3 = 13
3fourjfonefoursevenbbfour: 3,4,1,4,7,4
3 + 4 = 34
fiveclfour7seventwoeight: 5,4,7,7,2,8
5 + 8 = 58
4zvzlfive7hkzhbqrleight8: 4,5,7,8,8
4 + 8 = 48
4eightthreemthreeq: 4,8,3,3
4 + 3 = 43
66nine: 6,6,9
6 + 9 = 69
dlnm59eight: 5,9,8
5 + 8 = 58
fourthreexvgpp7: 4,3,7
4 + 7 = 47
85sixfnrjqvmzmtbpxttrn: 8,5,6
8 + 6 = 86
one2seven: 1,2,7
1 + 7 = 17
63fourztwofdssrbjbcvhltg7: 6,3,4,2,7
6 + 7 = 67
fdstgbg1qdznxnvftfvfnr6djj: 1,6
1 + 6 = 16
5dcmbkrlvsrfvbdfqfour: 5,4
5 + 4 = 54
xp6fourrcfxdnktdctwofour: 6,4,2,4
6 + 4 = 64
9three4threeone6: 9,3,4,3,1,6
9 + 6 = 96
8pjzglttwofive9: 8,2,5,9
8 + 9 = 89
2gsix9sixthree: 2,6,9,6,3
2 + 3 = 23
ptwofive3t: 2,5,3
2 + 3 = 23
4hqkqzjkqddnnhxkrfnhgbkthreethree2: 4,3,3,2
4 + 2 = 42
threedthcktqkcthree22: 3,3,2,2
3 + 2 = 32
2gdlntwoseven527tzxbzkdjbv: 2,2,7,5,2,7
2 + 7 = 27
6hbxrgxzcnlbnz6: 6,6
6 + 6 = 66
ds7mvjbvfkn: 7
7 + 7 = 77
sixrpd7eightfour6: 6,7,8,4,6
6 + 6 = 66
qfoursspgghsflcrvqeight6: 4,8,6
4 + 6 = 46
94hxsj5: 9,4,5
9 + 5 = 95
bhhhnfnnkninexnjtjxrphrkc9mdmjp: 9,9
9 + 9 = 99
pbttrcplcsrldftsgk4991threepcbhxxfrgjddpz: 4,9,9,1,3
4 + 3 = 43
6four1fgjmjcnj3nbxxnnxhjhv: 6,4,1,3
6 + 3 = 63
6onefourshbzqgxjnhpmz: 6,1,4
6 + 4 = 64
9onedvscbrdj5: 9,1,5
9 + 5 = 95
jgjrpgcjztvkqseven8sznzl16dzrhmhnq7: 7,8,1,6,7
7 + 7 = 77
ctlbzmcctmkzpqtsdztbmllqnoneoneonenine28: 1,1,1,9,2,8
1 + 8 = 18
znkkbdsix23msxkcs: 6,2,3
6 + 3 = 63
seventwo365one2nlmlbgh1: 7,2,3,6,5,1,2,1
7 + 1 = 71
mtzthdjtonezfsixms5mxjpftkd: 1,6,5
1 + 5 = 15
onenine8ksxnslf16njqldnnkjx: 1,9,8,1,6
1 + 6 = 16
pzjl78nztcgnj211zxnmhxzrjjh: 7,8,2,1,1
7 + 1 = 71
twozkf3fiveshpt: 2,3,5
2 + 5 = 25
seventwo387bnfsix: 7,2,3,8,7,6
7 + 6 = 76
2xvvtzthreexjfxxg4seven: 2,3,4,7
2 + 7 = 27
8vgjxlvjc4twoglhmpgtsbfonethreeqbpcfbmz: 8,4,2,1,3
8 + 3 = 83
mhlgjlbm68rmeightnineone: 6,8,8,9,1
6 + 1 = 61
threezhldnzscqfour9seventfkj: 3,4,9,7
3 + 7 = 37
cnprmbrprlhmonesixlksvgzseventhreehdzh2: 1,6,7,3,2
1 + 2 = 12
smp215344two: 2,1,5,3,4,4,2
2 + 2 = 22
5nineonefive8sevenzvlfrprdq: 5,9,1,5,8,7
5 + 7 = 57
rvf583: 5,8,3
5 + 3 = 53
four8nine4crzpff: 4,8,9,4
4 + 4 = 44
rhnsqgnncnjzhpx297qmj18: 2,9,7,1,8
2 + 8 = 28
oneqlx716452: 1,7,1,6,4,5,2
1 + 2 = 12
mg3zptnqbm: 3
3 + 3 = 33
4ssgqpsevenznzlnnsbjpxkfvlkrjckxrhqsevenzrgjlkcffb: 4,7,7
4 + 7 = 47
six9fourshjkhspkcffiveeightqqkvktvjsmmnfrthree: 6,9,4,5,8,3
6 + 3 = 63
sixdljbtwoninetwo6ninesevenn: 6,2,9,2,6,9,7
6 + 7 = 67
kcjqfvldclrmsd52qn: 5,2
5 + 2 = 52
352one: 3,5,2,1
3 + 1 = 31
7nine7: 7,9,7
7 + 7 = 77
9fourjcveighth: 9,4,8
9 + 8 = 98
5twoz73: 5,2,7,3
5 + 3 = 53
bbsvvbjc1one5gtts3nine: 1,1,5,3,9
1 + 9 = 19
four2six: 4,2,6
4 + 6 = 46
7nine5: 7,9,5
7 + 5 = 75
nxjfthslhc2sspz: 2
2 + 2 = 22
69onethreefour8nq4eightwoqh: 6,9,1,3,4,8,4,8
6 + 8 = 68
8mfpmmthree6eightbksq7: 8,3,6,8,7
8 + 7 = 87
98bzjlfjm: 9,8
9 + 8 = 98
six541threepklngxmfthreevvkdgxpfour: 6,5,4,1,3,3,4
6 + 4 = 64
seventhree4ninesix: 7,3,4,9,6
7 + 6 = 76
7ninejkcxsixsixlvffhbkjkfive2rdnd: 7,9,6,6,5,2
7 + 2 = 72
9flxnpfddx68mfgnkkdqlonenblbszdvvbfour: 9,6,8,1,4
9 + 4 = 94
threemfk22vf: 3,2,2
3 + 2 = 32
threeninemh6: 3,9,6
3 + 6 = 36
88six: 8,8,6
8 + 6 = 86
4eightrtthree: 4,8,3
4 + 3 = 43
4rkjjgppc2lkvnhbnhffnrvqsj8: 4,2,8
4 + 8 = 48
65gdpxxz: 6,5
6 + 5 = 65
5fourfour6: 5,4,4,6
5 + 6 = 56
six9m9eightfour: 6,9,9,8,4
6 + 4 = 64
21szgzbcg: 2,1
2 + 1 = 21
krzfvtsgp3: 3
3 + 3 = 33
six2threethreebskteight4twoeight: 6,2,3,3,8,4,2,8
6 + 8 = 68
58bjrnzbqg: 5,8
5 + 8 = 58
8eight4four3: 8,8,4,4,3
8 + 3 = 83
four6qcrnthree2: 4,6,3,2
4 + 2 = 42
j8nine7gqlvtqxlzdtcbonetwo: 8,9,7,1,2
8 + 2 = 82
sixvlthree55seven37: 6,3,5,5,7,3,7
6 + 7 = 67
48sevengfgzczbg82: 4,8,7,8,2
4 + 2 = 42
eightsix2qsqfgmsrscfive: 8,6,2,5
8 + 5 = 85
zpbxnxbnmjthreebmksffpkd7seight8nine: 3,7,8,8,9
3 + 9 = 39
vfvhcvnsevenkbnhxxhhc3csk79: 7,3,7,9
7 + 9 = 79
147threesixtwo: 1,4,7,3,6,2
1 + 2 = 12
hldlvjninehnqxd7fiveeight7sixkkbmjxnjf: 9,7,5,8,7,6
9 + 6 = 96
six3gjbkbpgzdszl3f: 6,3,3
6 + 3 = 63
donethree3seven7xvfgnthree: 1,3,3,7,7,3
1 + 3 = 13
3lgpzhzmfftwoeightjhlngfn6five57: 3,2,8,6,5,5,7
3 + 7 = 37
5fnfl6vkncfsrrrsmxsl: 5,6
5 + 6 = 56
7ss: 7
7 + 7 = 77
five6gsncdxsixnhphl85: 5,6,6,8,5
5 + 5 = 55
3rklhfbkhfour884: 3,4,8,8,4
3 + 4 = 34
xsjseven7: 7,7
7 + 7 = 77
58mxlmsevennine7cssix: 5,8,7,9,7,6
5 + 6 = 56
1jnbbfourv: 1,4
1 + 4 = 14
r21kstwo: 2,1,2
2 + 2 = 22
zrqlghpcsixeightseventlnpnxpzv3: 6,8,7,3
6 + 3 = 63
887: 8,8,7
8 + 7 = 87
zeightwo3xzjvmqxpjtbvj: 8,3
8 + 3 = 83
1brtqrcvbrrqsqbpsl1sevenseven22: 1,1,7,7,2,2
1 + 2 = 12
4qcddseven: 4,7
4 + 7 = 47
mg3xxlgdkblgg1htdjtfthpv: 3,1
3 + 1 = 31
9eightwoslp: 9,8
9 + 8 = 98
ggqvtwonsfsevenfour73ccmzkz1: 2,7,4,7,3,1
2 + 1 = 21
7rfjfqh9nine: 7,9,9
7 + 9 = 79
gnpnrzzkdtfcseven45hvv: 7,4,5
7 + 5 = 75
34one1: 3,4,1,1
3 + 1 = 31
xzkfl9fivebxhcxrmfzszonekgzcvk1six: 9,5,1,1,6
9 + 6 = 96
8pzscngsixsrtjqqlk25ldczspzfdxrzhh: 8,6,2,5
8 + 5 = 85
zktjxcb72twosix: 7,2,2,6
7 + 6 = 76
9mvtk5jqhtwo: 9,5,2
9 + 2 = 92
two82klbfdf: 2,8,2
2 + 2 = 22
xstrdlsmx2onesevenrmgpjlrtfsfourfive4: 2,1,7,4,5,4
2 + 4 = 24
four1djgssbq8sixfive: 4,1,8,6,5
4 + 5 = 45
j1jkgzrjmnfxonejsvgzznsevenprbqbjn: 1,1,7
1 + 7 = 17
two65ffglkhgqb8xdxmldhtllj3: 2,6,5,8,3
2 + 3 = 23
lqqqsrjf27four9dgpjcgz: 2,7,4,9
2 + 9 = 29
fptvlnfzpfm99eight8five5xtgqt: 9,9,8,8,5,5
9 + 5 = 95
sgrdlpplhb2six6: 2,6,6
2 + 6 = 26
one4811eightrvkbchcngmone: 1,4,8,1,1,8,1
1 + 1 = 11
bcsv46dgxglfxsrn9two: 4,6,9,2
4 + 2 = 42
spshpxtwo6c: 2,6
2 + 6 = 26
1sevenrtbxc23: 1,7,2,3
1 + 3 = 13
sxppftvvfx4qvhbrrpcgfb: 4
4 + 4 = 44
rmcvzcl8dj4ninenpgjhlblbeight: 8,4,9,8
8 + 8 = 88
threeseven7lljggng5two9: 3,7,7,5,2,9
3 + 9 = 39
four47bnnine2chscshsrone: 4,4,7,9,2,1
4 + 1 = 41
kxtknjfourjr1pxxkqlxjsix9: 4,1,6,9
4 + 9 = 49
sixtwoseveneight8sixthree: 6,2,7,8,8,6,3
6 + 3 = 63
8djjznt4: 8,4
8 + 4 = 84
pj48hjlqfour7: 4,8,4,7
4 + 7 = 47
onedvpqsevensncd5fivenhftwo: 1,7,5,5,2
1 + 2 = 12
twonls1fivednlbmttzszjczdjfqcspxpt5: 2,1,5,5
2 + 5 = 25
11hbdpbbrjddrmlghs: 1,1
1 + 1 = 11
7seventhreeonemsszrjxd: 7,7,3,1
7 + 1 = 71
4smtgkzzrxlcslkhlnrft14fbtznvq5six: 4,1,4,5,6
4 + 6 = 46
rdv9four39: 9,4,3,9
9 + 9 = 99
four8fourvthreebrnmqmhb: 4,8,4,3
4 + 3 = 43
msgrzsdxfxfivecpjqxtphffm3zvgqxkrtwo: 5,3,2
5 + 2 = 52
1sevenseven3vlcmzlgseight3: 1,7,7,3,8,3
1 + 3 = 13
three1bkmpjqxsjmjsmlvhfrnine: 3,1,9
3 + 9 = 39
213sevenfkslf4ldg: 2,1,3,7,4
2 + 4 = 24
fivegflgdlqrfkmh81: 5,8,1
5 + 1 = 51
jrkqklq5sevensevenddlzbljvf: 5,7,7
5 + 7 = 57
5zjxsxqpthreeone: 5,3,1
5 + 1 = 51
fvh6: 6
6 + 6 = 66
154xqxjfvt: 1,5,4
1 + 4 = 14
32fnpjclfgjplmkf83: 3,2,8,3
3 + 3 = 33
6nine785six: 6,9,7,8,5,6
6 + 6 = 66
5one9fiventcxnine37: 5,1,9,5,9,3,7
5 + 7 = 57
24seveneightrp: 2,4,7,8
2 + 8 = 28
hbd6two1knqnfgcftq839six: 6,2,1,8,3,9,6
6 + 6 = 66
6eightzzqghd: 6,8
6 + 8 = 68
fiveptonesixnkslhvpkpsbfltfqnnqjfqjlhthree1: 5,1,6,3,1
5 + 1 = 51
ztdjmvrspdtbqsffive8onetwoblslmlxssjks: 5,8,1,2
5 + 2 = 52
876fivenhzmftccrcgvqnssixthreejhg: 8,7,6,5,6,3
8 + 3 = 83
jpvxbhbrv55ninefive1three: 5,5,9,5,1,3
5 + 3 = 53
ndpdvz2sevenn: 2,7
2 + 7 = 27
dkzpptsmbfhnnrqqtwodllstjtd87: 2,8,7
2 + 7 = 27
eight1fivejftckmgxmzbsq416one: 8,1,5,4,1,6,1
8 + 1 = 81
2q16ninesevenfour: 2,1,6,9,7,4
2 + 4 = 24
thdst7fourfivetwosixgfjsnvftone: 7,4,5,2,6,1
7 + 1 = 71
ztwone8tjlsrsqpnqsxfll9five39eight: 2,8,9,5,3,9,8
2 + 8 = 28
threefive757nzddvxh6three: 3,5,7,5,7,6,3
3 + 3 = 33
71two: 7,1,2
7 + 2 = 72
nbgsnbdvqkqr6nvsqhr: 6
6 + 6 = 66
four487eight: 4,4,8,7,8
4 + 8 = 48
mgqtnlqxpvbjrgqffourzbtvcxj4xht3twoone: 4,4,3,2,1
4 + 1 = 41
fourninefivefive97hzfxr: 4,9,5,5,9,7
4 + 7 = 47
4dhrgdrsr4onejzgs5x1: 4,4,1,5,1
4 + 1 = 41
cvnmzrdmtwotlvk4five: 2,4,5
2 + 5 = 25
7sixzghv5rxlbslsninefrsxht: 7,6,5,9
7 + 9 = 79
6lcmjnckbjrtwosevenvmtxcnfvkfqvgzp7: 6,2,7,7
6 + 7 = 67
dvndcdmtfxbtznqjrprksseven6twosevennine3: 7,6,2,7,9,3
7 + 3 = 73
threethreeone11ninesixeightone: 3,3,1,1,1,9,6,8,1
3 + 1 = 31
dvvcbsix96cxhgjpmqdsixone: 6,9,6,6,1
6 + 1 = 61
five4sevenmnzgktwo: 5,4,7,2
5 + 2 = 52
9rlsseventhree6xhtbxdnn: 9,7,3,6
9 + 6 = 96
bxlbjtmone15jsixeighteight: 1,1,5,6,8,8
1 + 8 = 18
1fivejlsevenmbbfksks: 1,5,7
1 + 7 = 17
eightsix35fourgcptzrfjhkrnfbbznine: 8,6,3,5,4,9
8 + 9 = 89
seven8sixfive72eightqjmcfjx: 7,8,6,5,7,2,8
7 + 8 = 78
seven8616xszttt3seven: 7,8,6,1,6,3,7
7 + 7 = 77
53twoone22: 5,3,2,1,2,2
5 + 2 = 52
onefour9ninetsrvczrnbsbrfstwogkkzs: 1,4,9,9,2
1 + 2 = 12
zpsplntwoeighttwo49three: 2,8,2,4,9,3
2 + 3 = 23
twoeightseventhree4: 2,8,7,3,4
2 + 4 = 24
eight5twofourgpnlsmppt1: 8,5,2,4,1
8 + 1 = 81
fourccknqs7dndlqhbsdhfmqgr1lvnpmxjtnkshgm: 4,7,1
4 + 1 = 41
five9ptrnrfdfgdkgxzlr6three: 5,9,6,3
5 + 3 = 53
pjxgrrgmfk57hdgclbftr: 5,7
5 + 7 = 57
gdcxzqldf3z2prsmfivenlklnrtbhfst: 3,2,5
3 + 5 = 35
999: 9,9,9
9 + 9 = 99
85lctfptljktwobtfnfrttlxrvlfvdnbsm: 8,5,2
8 + 2 = 82
172: 1,7,2
1 + 2 = 12
tmrcrhkvnfsixkvzhjxmngcrfmkfpzqcfivermnkxlfive7vtvvmmnfsz: 6,5,5,7
6 + 7 = 67
sixseven6two8kfrpjksixeight: 6,7,6,2,8,6,8
6 + 8 = 68
75pzmmlvsjn9987dftrvbf: 7,5,9,9,8,7
7 + 7 = 77
4z1fivethreefive: 4,1,5,3,5
4 + 5 = 45
foureightrdnnpxlnn32knstrmxg71: 4,8,3,2,7,1
4 + 1 = 41
svzljxbj113zpnpshmnf: 1,1,3
1 + 3 = 13
hj2hmvp3eight38gxngvkdmnzzzcxjkl: 2,3,8,3,8
2 + 8 = 28
gnrhzjzvrzsix33vqnnrmgtdvvkbsmglckd8: 6,3,3,8
6 + 8 = 68
onelgjfczsevenninehkhkxcskvcvnncbpj5: 1,7,9,5
1 + 5 = 15
onesevenninethree1: 1,7,9,3,1
1 + 1 = 11
dqqnkzfv9bnine: 9,9
9 + 9 = 99
8sevensjtppblkhh4seven: 8,7,4,7
8 + 7 = 87
ninekggzmfsfpbfnvtv3sevenczrhzztlsfour: 9,3,7,4
9 + 4 = 94
eight59hkthhk: 8,5,9
8 + 9 = 89
blskkshczzone7: 1,7
1 + 7 = 17
6one4pffxsgmc: 6,1,4
6 + 4 = 64
4lrbncnn8: 4,8
4 + 8 = 48
314ninefivesevennine6seven: 3,1,4,9,5,7,9,6,7
3 + 7 = 37
threeone3ccrfthz2seventwoctg3: 3,1,3,2,7,2,3
3 + 3 = 33
bfxknbtwortcfgnrcqsvqfcrxzmlmk83krb5: 2,8,3,5
2 + 5 = 25
fiveone8: 5,1,8
5 + 8 = 58
nine6661: 9,6,6,6,1
9 + 1 = 91
eight8884zbdzcsseventwonexgg: 8,8,8,8,4,7,2
8 + 2 = 82
16ninetnzftqzlpvgd2: 1,6,9,2
1 + 2 = 12
jxfccks1: 1
1 + 1 = 11
sixtfvgpjrvpr6pmsseveneightvbrxnq: 6,6,7,8
6 + 8 = 68
6eight5: 6,8,5
6 + 5 = 65
tdbs3cbfhglpfdnxlt: 3
3 + 3 = 33
nbcgkzchlj6pbcx4: 6,4
6 + 4 = 64
661: 6,6,1
6 + 1 = 61
jcjggnnn1: 1
1 + 1 = 11
eightdbtfgpfivecnlmnkrpgf1nine: 8,5,1,9
8 + 9 = 89
33bngjpkhgfqp4tl97one: 3,3,4,9,7,1
3 + 1 = 31
6rkmbdjztnfninecdlhnbnf6ninekmvxrqzbl: 6,9,6,9
6 + 9 = 69
465: 4,6,5
4 + 5 = 45
nfklpzppbq65threeeightsix9: 6,5,3,8,6,9
6 + 9 = 69
2gddbjlcdkx: 2
2 + 2 = 22
kclqnmpsixsix4fivepb: 6,6,4,5
6 + 5 = 65
stvlnrfdgcslqmveightbmbgmnzlrq8gfjndq6rsv: 8,8,6
8 + 6 = 86
sjzcfxn7hs: 7
7 + 7 = 77
oneeight32nine2ghx2nine: 1,8,3,2,9,2,2,9
1 + 9 = 19
2lhx9: 2,9
2 + 9 = 29
6eightseven9: 6,8,7,9
6 + 9 = 69
three9nineone7five: 3,9,9,1,7,5
3 + 5 = 35
1nrmk: 1
1 + 1 = 11
dccbdjqhvfoneeighthjsmfp89hheight9: 1,8,8,9,8,9
1 + 9 = 19
sixrfjshf9nhzngkgeight: 6,9,8
6 + 8 = 68
zsixone5fiveeightsix7: 6,1,5,5,8,6,7
6 + 7 = 67
vkthreesevenq42982: 3,7,4,2,9,8,2
3 + 2 = 32
2h: 2
2 + 2 = 22
8five9jkvqtwo9: 8,5,9,2,9
8 + 9 = 89
lkxvfm7qdhvnkt: 7
7 + 7 = 77
8jtttvnmxt: 8
8 + 8 = 88
1nine91sixsixfour: 1,9,9,1,6,6,4
1 + 4 = 14
8threenmffourone: 8,3,4,1
8 + 1 = 81
two2zjj39seventhree: 2,2,3,9,7,3
2 + 3 = 23
c4eighteight7hssvhvlm2six: 4,8,8,7,2,6
4 + 6 = 46
9eightfivezmnknpl5eight8seven7: 9,8,5,5,8,8,7,7
9 + 7 = 97
threenine4eight14vzmmhczfhxppqs: 3,9,4,8,1,4
3 + 4 = 34
seven22fivehgtttqthreeseven: 7,2,2,5,3,7
7 + 7 = 77
5nineeightthree: 5,9,8,3
5 + 3 = 53
hfffcgvnkrp5threevccpjmnfn3: 5,3,3
5 + 3 = 53
19seventwonelj: 1,9,7,2
1 + 2 = 12
4nine8: 4,9,8
4 + 8 = 48
2sixfggckcdt91three6: 2,6,9,1,3,6
2 + 6 = 26
9fpztvd: 9
9 + 9 = 99
pbm384: 3,8,4
3 + 4 = 34
rqxzzqtlsx8one91tjmqtcmkxhplcmns5three: 8,1,9,1,5,3
8 + 3 = 83
four13sixgreight64: 4,1,3,6,8,6,4
4 + 4 = 44
seven22four: 7,2,2,4
7 + 4 = 74
2six946: 2,6,9,4,6
2 + 6 = 26
nine1767three: 9,1,7,6,7,3
9 + 3 = 93
mdpvkhvbqstqpskhdxgbzt2zsdvsclhlzbcskckz: 2
2 + 2 = 22
1775: 1,7,7,5
1 + 5 = 15
pgdbfmvffninezhthree6qlrdkbvqthree: 9,3,6,3
9 + 3 = 93
29fourtwo: 2,9,4,2
2 + 2 = 22
fiveone14bsnrd: 5,1,1,4
5 + 4 = 54
loneight1fourpvcgxjsscssftbfxtkq: 1,1,4
1 + 4 = 14
fhtwobfnmvjxqzbzctxseven8lhxv: 2,7,8
2 + 8 = 28
ninefive67rqvgnbt: 9,5,6,7
9 + 7 = 97
2fivesevenfive4rhpvklfjz9ninezszc: 2,5,7,5,4,9,9
2 + 9 = 29
616vvbxfjplsppgpx: 6,1,6
6 + 6 = 66
rttqfddgone3rcvdljn88jqrlbdmxgv4: 1,3,8,8,4
1 + 4 = 14
8282eightseven: 8,2,8,2,8,7
8 + 7 = 87
mkhxlkksgsjrczffqmzzsevenv7seven6zv: 7,7,7,6
7 + 6 = 76
5hvkqdnpgtzfjbqrtzx5tncqbmxjpqmmzcf9: 5,5,9
5 + 9 = 59
llpkjvonesixlnf7one8oneseven: 1,6,7,1,8,1,7
1 + 7 = 17
five65qzjtwo: 5,6,5,2
5 + 2 = 52
xhcjxj1jghxktnmbxml5bbpklmdcthreedzt: 1,5,3
1 + 3 = 13
h3sevenonevdnjp5zpzfmch: 3,7,1,5
3 + 5 = 35
seveneight1mrrkcpbqd: 7,8,1
7 + 1 = 71
8one5rn: 8,1,5
8 + 5 = 85
qbffrljhl48qtg1jhngrrbsdhxl6: 4,8,1,6
4 + 6 = 46
ndc5sixcxlcgxpbstwoqfffive5: 5,6,2,5,5
5 + 5 = 55
fpfsqrzfjthreehzbcmhss4fivegbtwo8: 3,4,5,2,8
3 + 8 = 38
nine2two: 9,2,2
9 + 2 = 92
mddbqdmtcjrkqhv2dxfvdg8eight: 2,8,8
2 + 8 = 28
jbrkj2llgmg36twocvhmxnb: 2,3,6,2
2 + 2 = 22
mhdbsnine1: 9,1
9 + 1 = 91
four1mcvjdkmthmhcsz4: 4,1,4
4 + 4 = 44
59fbsnx7qrtclvrkfoursdpmhdz: 5,9,7,4
5 + 4 = 54
6d6four27zeight: 6,6,4,2,7,8
6 + 8 = 68
1sevenvjbqrd: 1,7
1 + 7 = 17
9fourlmjqn9rd: 9,4,9
9 + 9 = 99
gfxsrconexrgdzrhzcsh4six: 1,4,6
1 + 6 = 16
4one5jhsztrspthree: 4,1,5,3
4 + 3 = 43
four5eight2: 4,5,8,2
4 + 2 = 42
onebtwo4eightfourhkrsgeight: 1,2,4,8,4,8
1 + 8 = 18
51kjcqqxrjcnnine5: 5,1,9,5
5 + 5 = 55
kprdj25twotwovsdhzgmc: 2,5,2,2
2 + 2 = 22
htwone4344five1: 2,4,3,4,4,5,1
2 + 1 = 21
dvmkvcfcpsqrh1: 1
1 + 1 = 11
9twogzkc572sixhktmslseven: 9,2,5,7,2,6,7
9 + 7 = 97
fivefive7qnll7seven: 5,5,7,7,7
5 + 7 = 57
svbpx64n31onevzjhhhl: 6,4,3,1,1
6 + 1 = 61
8fbjkdcttwofourtwokj: 8,2,4,2
8 + 2 = 82
6twotwo5zkcnxczszfive32: 6,2,2,5,5,3,2
6 + 2 = 62
mbfcmsjmg9hmqngl: 9
9 + 9 = 99
ninesixsgnfzsmbgrlxbxjstkmmfxc5: 9,6,5
9 + 5 = 95
two8fourthree9sdxzvpgseventwonez: 2,8,4,3,9,7,2
2 + 2 = 22
td3two: 3,2
3 + 2 = 32
onespktrhrktzrcvdgqvdxgbgctdhjmm7shqcbzvfxhzlt: 1,7
1 + 7 = 17
5zfpfksszthtzxznxgkrpc: 5
5 + 5 = 55
8xvmsseven592ssmzjdmz: 8,7,5,9,2
8 + 2 = 82
64fkcmhmqdxnseven: 6,4,7
6 + 7 = 67
vdhkbktf1seven5: 1,7,5
1 + 5 = 15
tzfvfour3three: 4,3,3
4 + 3 = 43
fourl7four: 4,7,4
4 + 4 = 44
dkbbtpd5qbqgb: 5
5 + 5 = 55
qzdlttqfhn8chxxbnplt4: 8,4
8 + 4 = 84
qmd78hqdqxtx2rrdvkvvfourtwo: 7,8,2,4,2
7 + 2 = 72
91mmlbnbs5peightmznzhskfjv: 9,1,5,8
9 + 8 = 98
2rftqscv: 2
2 + 2 = 22
4oneonenineddktjvjlhone: 4,1,1,9,1
4 + 1 = 41
ninetwo5four: 9,2,5,4
9 + 4 = 94
1f36xndmtmmbpx1qzqmdkpbp3: 1,3,6,1,3
1 + 3 = 13
hxsevenjg6fiveeightwodps: 7,6,5,8
7 + 8 = 78
4mrndsix18: 4,6,1,8
4 + 8 = 48
r6klzqlz: 6
6 + 6 = 66
ndbrrsvp9: 9
9 + 9 = 99
sixsnkh1gvcnine5: 6,1,9,5
6 + 5 = 65
bsstxkninethree5ktwo7five: 9,3,5,2,7,5
9 + 5 = 95
fiveeight9five7: 5,8,9,5,7
5 + 7 = 57
3nine5sixkqlfrpdpcfive3: 3,9,5,6,5,3
3 + 3 = 33
lrrqkznlrcmbvdr6: 6
6 + 6 = 66
8xklphsevenonetworjgpjlrllgqcrxhlskfhpq: 8,7,1,2
8 + 2 = 82
fourmsthcgcxjsixcvnvninebdhttzm85: 4,6,9,8,5
4 + 5 = 45
8gnqnhptgkfivesix: 8,5,6
8 + 6 = 86
8onenine: 8,1,9
8 + 9 = 89
fivesixone3kpzvnbrjf: 5,6,1,3
5 + 3 = 53
9four54: 9,4,5,4
9 + 4 = 94
6twothreefthreefivetx: 6,2,3,3,5
6 + 5 = 65
4nxqzkkbgvthree7qxdhtpjv: 4,3,7
4 + 7 = 47
six5three2ninesevenfive: 6,5,3,2,9,7,5
6 + 5 = 65
3cqkmxnbkkh6tnszgzxqk: 3,6
3 + 6 = 36
82tzncrpvjts7: 8,2,7
8 + 7 = 87
39one5fivenine: 3,9,1,5,5,9
3 + 9 = 39
51jrdstpqnjdfbbtjz9three6: 5,1,9,3,6
5 + 6 = 56
nqrmg8: 8
8 + 8 = 88
7threesix: 7,3,6
7 + 6 = 76
one6fsxsflbnfivesixthree5: 1,6,5,6,3,5
1 + 5 = 15
bxbonethree55one: 1,3,5,5,1
1 + 1 = 11
7onextpttrflql6snmbdtbnvvfive: 7,1,6,5
7 + 5 = 75
threeklkjkvqzone2vhzsqdg: 3,1,2
3 + 2 = 32
eight231eightsix5: 8,2,3,1,8,6,5
8 + 5 = 85
cflpngxndfivefiveeight4rjrsfrmmtwonen: 5,5,8,4,2
5 + 2 = 52
three8sdone: 3,8,1
3 + 1 = 31
nine4nine: 9,4,9
9 + 9 = 99
two2dxzjxkbb2knvg: 2,2,2
2 + 2 = 22
bplttc53: 5,3
5 + 3 = 53
69hqtkfivesixtwopffgltlsj1rhhslz: 6,9,5,6,2,1
6 + 1 = 61
6fbg1scccrkjjsnnhpqmphksevendt5pcdl: 6,1,7,5
6 + 5 = 65
9onesixsevenfmmxtkdzone: 9,1,6,7,1
9 + 1 = 91
1onetwocrhcqhrxt7sevenr: 1,1,2,7,7
1 + 7 = 17
sixeightxjjqndfqtwo35: 6,8,2,3,5
6 + 5 = 65
9cqvtmfsqrfqhhbkjgbdk: 9
9 + 9 = 99
foursixfrtkpcbxgxx5one: 4,6,5,1
4 + 1 = 41
429three: 4,2,9,3
4 + 3 = 43
84mxhzmbdk8: 8,4,8
8 + 8 = 88
nine79: 9,7,9
9 + 9 = 99
xgntrzninemhxtqnine4ltvx: 9,9,4
9 + 4 = 94
four3seven6qhrzznzctwofour: 4,3,7,6,2,4
4 + 4 = 44
5h: 5
5 + 5 = 55
16eightninejmddlknrxfone: 1,6,8,9,1
1 + 1 = 11
3gjpbjdone: 3,1
3 + 1 = 31
654twocbczrzjnhkgdpqdd: 6,5,4,2
6 + 2 = 62
2xkptbxsixnprkhfslj: 2,6
2 + 6 = 26
19mlqcgbfpdonegdvzghjjb: 1,9,1
1 + 1 = 11
dnslxvmdlpmlsggq1one18: 1,1,1,8
1 + 8 = 18
lbxnz487vjlhhsxvcl: 4,8,7
4 + 7 = 47
sevengvgkk8mfbplfshlhqnrvbtwofour: 7,8,2,4
7 + 4 = 74
djfptvqgmkqgnzdvstwomzpcxfthvzpfsglc7: 2,7
2 + 7 = 27
1nlsztzzcbmqseven4fourdqq2: 1,7,4,4,2
1 + 2 = 12
cqcvkcthreeflhbcsbddg8: 3,8
3 + 8 = 38
sevensvtbtdkfkxzbfqznlh1: 7,1
7 + 1 = 71
sevenksn54: 7,5,4
7 + 4 = 74
4dzv6: 4,6
4 + 6 = 46
lsixninesevenrxn2seven2: 6,9,7,2,7,2
6 + 2 = 62
bsix2hqsvvvxvkpbg: 6,2
6 + 2 = 62
hplfzmghmbddz2htfkcfblqcdzfrvqpssbxdone: 2,1
2 + 1 = 21
19sqgxkn8four: 1,9,8,4
1 + 4 = 14
64ksmvcseven1748: 6,4,7,1,7,4,8
6 + 8 = 68
oneoneonedlmsdc1mjn: 1,1,1,1
1 + 1 = 11
7218: 7,2,1,8
7 + 8 = 78
3xdskntkmlcldqjgxbgx38rkbddntz13: 3,3,8,1,3
3 + 3 = 33
tnqnvshmhrkxbjvxcvdhmx1: 1
1 + 1 = 11
twocrzgfourbvtkcthdkrqpbsevenkfv8zczzszpf: 2,4,7,8
2 + 8 = 28
fdkdqfgbgnttlpnjrvnine6dvpdhtchfourbv: 9,6,4
9 + 4 = 94
qqrznptxjseven9twofourtwo: 7,9,2,4,2
7 + 2 = 72
hpdrqkonetvgfour5onepdk: 1,4,5,1
1 + 1 = 11
6eightsixninetclcsllxknspxfgxmlxqddvone: 6,8,6,9,1
6 + 1 = 61
twosixmcbbjthreekclp3: 2,6,3,3
2 + 3 = 23
kklgzxnk2eight: 2,8
2 + 8 = 28
zgmnine8oneseven: 9,8,1,7
9 + 7 = 97
gmcgzggsixvjzzgrs3gbzmxninezrlcfsphzhseven: 6,3,9,7
6 + 7 = 67
7sevensix5fivefourh: 7,7,6,5,5,4
7 + 4 = 74
rh1qzxvcmqjmtspknine: 1,9
1 + 9 = 19
12threecjltwozchdsfnkmchhgv: 1,2,3,2
1 + 2 = 12
vktfhngfb391ghtnrqfourfiveone: 3,9,1,4,5,1
3 + 1 = 31
9eight46xdxkqtkflqdv59four: 9,8,4,6,5,9,4
9 + 4 = 94
839sonesix2btrctxfm: 8,3,9,1,6,2
8 + 2 = 82
hzpjkvqdfg6three2twocsq8tskmdnvdl: 6,3,2,2,8
6 + 8 = 68
5f: 5
5 + 5 = 55
dgmvxqbpbjpbronefivehlf8ls9four: 1,5,8,9,4
1 + 4 = 14
sixm7m8three: 6,7,8,3
6 + 3 = 63
vgppvrgdlb26623csvkhsd1: 2,6,6,2,3,1
2 + 1 = 21
2hjfccgbjnhl8176xkpftwo: 2,8,1,7,6,2
2 + 2 = 22
seven12vgdnrvmmp1: 7,1,2,1
7 + 1 = 71
oneoneone7eighttworvpvsjzl: 1,1,1,7,8,2
1 + 2 = 12
738one99six: 7,3,8,1,9,9,6
7 + 6 = 76
sixrjm3: 6,3
6 + 3 = 63
15six44qndpslhnine8twonehkb: 1,5,6,4,4,9,8,2
1 + 2 = 12
912: 9,1,2
9 + 2 = 92
3blcn: 3
3 + 3 = 33
eight81fivexsbkzcthree: 8,8,1,5,3
8 + 3 = 83
kdqlzbnbnkh2mrpz82six3six: 2,8,2,6,3,6
2 + 6 = 26
sckfhxxjxfivejgtlmdhc3threeoneightrc: 5,3,3,1
5 + 1 = 51
znjgdjd8six6onesevenfour4qpnmvtdnnf: 8,6,6,1,7,4,4
8 + 4 = 84
7gnbonesixninehreightlmjone: 7,1,6,9,8,1
7 + 1 = 71
six3fhhlfgmdlgvhvqctcrxxh: 6,3
6 + 3 = 63
982vbjgptnc: 9,8,2
9 + 2 = 92
sgfnlppbvfzrmntwo9ggqzsixsixxgqvjvffour: 2,9,6,6,4
2 + 4 = 24
ninenine8: 9,9,8
9 + 8 = 98
kzfmgls5seveneight2: 5,7,8,2
5 + 2 = 52
8ninefourzrgjgrqkxrmjlzqb5: 8,9,4,5
8 + 5 = 85
eight7five: 8,7,5
8 + 5 = 85
fbjt4eight7rnhvfkl5knpvjhqdhvmvczxbvrx: 4,8,7,5
4 + 5 = 45
35five: 3,5,5
3 + 5 = 35
7gzjqslr13qsqxltsninetwoxmhgzhl: 7,1,3,9,2
7 + 2 = 72
threefour2three: 3,4,2,3
3 + 3 = 33
onethree45: 1,3,4,5
1 + 5 = 15
zvt8nvxctwo6: 8,2,6
8 + 6 = 86
sevenkfournine1drrmrmljsclgbgsd: 7,4,9,1
7 + 1 = 71
jfcnrxjjnbsrlblzpvxc84seven3six: 8,4,7,3,6
8 + 6 = 86
sevenonemt7eightseven6: 7,1,7,8,7,6
7 + 6 = 76
sevenrddndpj85fzzn4zhvthzp: 7,8,5,4
7 + 4 = 74
78zfdbmrfgeightgjtqnx: 7,8,8
7 + 8 = 78
ninerdqndgffive2dlsblldpfthree9: 9,5,2,3,9
9 + 9 = 99
lvzlfqzsixeightkqbnlv5njjsc4plh: 6,8,5,4
6 + 4 = 64
jsqhmbt1xvmkgfbghzdplkxdmgvcrkbngrjlpfj: 1
1 + 1 = 11
lfnvhdxcx7twoq: 7,2
7 + 2 = 72
five85: 5,8,5
5 + 5 = 55
1two3two22bdpbskrlph: 1,2,3,2,2,2
1 + 2 = 12
ninefc31fnhsnhf5: 9,3,1,5
9 + 5 = 95
2cxnrgtlvfvmvvmnfjllshmdvvfc48sevennjfk: 2,4,8,7
2 + 7 = 27
xbglffkvrzsmz1: 1
1 + 1 = 11
czlrrchbkhmz5qkdbtcjlffd5: 5,5
5 + 5 = 55
eight65sn4: 8,6,5,4
8 + 4 = 84
7seven2four99mlpskrgoneighthm: 7,7,2,4,9,9,1
7 + 1 = 71
9kfpfgzdjdgxjkltdkbkeightmxteightthree: 9,8,8,3
9 + 3 = 93
9bdsbeightjvkrmhdkghfive73four3: 9,8,5,7,3,4,3
9 + 3 = 93
xeightwoninehcrsdbnvtwovtbkhtxktjslsix3: 8,9,2,6,3
8 + 3 = 83
15fourlgrsk: 1,5,4
1 + 4 = 14
5xjqd9: 5,9
5 + 9 = 59
four8ttpzxpnrqnkz1: 4,8,1
4 + 1 = 41
fourvbfhg1rbrngbgfj6nineldqfxvrx: 4,1,6,9
4 + 9 = 49
sdpnkkfive9twodz23: 5,9,2,2,3
5 + 3 = 53
sixone4twoktcx: 6,1,4,2
6 + 2 = 62
8rjgbnxsixfivebsnthree2fivenmjxx: 8,6,5,3,2,5
8 + 5 = 85
fourddtxngtd4jvlttthhmz: 4,4
4 + 4 = 44
2nine95four1six9nine: 2,9,9,5,4,1,6,9,9
2 + 9 = 29
2gmxtrrkftjfnknknineqjqnscctfourzrqdrgs: 2,9,4
2 + 4 = 24
flghzhfgmn9tckbpmkgsix9: 9,6,9
9 + 9 = 99
jg9svtdrmlzm31rsrqvc4mggcj: 9,3,1,4
9 + 4 = 94
eightdpvfplptwofdgrkstvh8qseven87: 8,2,8,7,8,7
8 + 7 = 87
eightfour2fourvzksqhxmlkpkfktmdzpmthreetwonehv: 8,4,2,4,3,2
8 + 2 = 82
nine86kzqvkjqtjfourmpcggd8: 9,8,6,4,8
9 + 8 = 98
8nstjmtmstcnffnksqh: 8
8 + 8 = 88
bvgcmbcrgqfourpvs5xs: 4,5
4 + 5 = 45
8three12: 8,3,1,2
8 + 2 = 82
5398db9sixvnvcrztrqz: 5,3,9,8,9,6
5 + 6 = 56
7one62fourlndnshczz522: 7,1,6,2,4,5,2,2
7 + 2 = 72
qxrhp5eight183tfour: 5,8,1,8,3,4
5 + 4 = 54
fhpzgkt81two57: 8,1,2,5,7
8 + 7 = 87
ktlfdnbone6: 1,6
1 + 6 = 16
stsninecqxpfmdhk41vlpq: 9,4,1
9 + 1 = 91
eighttqcc5fqnfour84: 8,5,4,8,4
8 + 4 = 84
25gmh12threeltfnfdrxhh5: 2,5,1,2,3,5
2 + 5 = 25
57four: 5,7,4
5 + 4 = 54
mqgdhfour67: 4,6,7
4 + 7 = 47
37ninetxkddhfive: 3,7,9,5
3 + 5 = 35
rzrsskzrlzjbcgthreeghbqhdpxfvgjfqclcf4: 3,4
3 + 4 = 34
fourvone2vbpltlrj: 4,1,2
4 + 2 = 42
xz5four3nineseven: 5,4,3,9,7
5 + 7 = 57
1szrhcmzkftwo9eight2ltjmgjzcblzone: 1,2,9,8,2,1
1 + 1 = 11
zlnkddtgsb1sixsxvjxgxp2: 1,6,2
1 + 2 = 12
26sixpzpsixtwozqff: 2,6,6,6,2
2 + 2 = 22
seven99fzqxfmttfgxm: 7,9,9
7 + 9 = 79
9twonineonefourpttbgkxt8two: 9,2,9,1,4,8,2
9 + 2 = 92
fv9: 9
9 + 9 = 99
5qcmjsfk6zxjld1: 5,6,1
5 + 1 = 51
fkjstnvmchsr9q699: 9,6,9,9
9 + 9 = 99
nine78three: 9,7,8,3
9 + 3 = 93
4rcs6bhbbgzhsstwomnineksbxfzj8: 4,6,2,9,8
4 + 8 = 48
4fmblhqninefive6qbkm: 4,9,5,6
4 + 6 = 46
zsgjbfrjfour1sp3: 4,1,3
4 + 3 = 43
zbfeightfive1oneonernfd: 8,5,1,1,1
8 + 1 = 81
5bxtfvzczbhtzfourqglqdxsc: 5,4
5 + 4 = 54
f9five7five8ddvseven: 9,5,7,5,8,7
9 + 7 = 97
23bszpdxfjmzg: 2,3
2 + 3 = 23
fivegctmd3vlcgfgnine: 5,3,9
5 + 9 = 59
63hbdkxljlq: 6,3
6 + 3 = 63
64eight6eight6gxdpmtnbfone: 6,4,8,6,8,6,1
6 + 1 = 61
28xcbtt1: 2,8,1
2 + 1 = 21
1six5: 1,6,5
1 + 5 = 15
four289: 4,2,8,9
4 + 9 = 49
: 
54506
